Device: cuda
GPU Memory: 79.1500244140625 GB
The token has not been saved to the git credentials helper. Pass `add_to_git_credential=True` in this function directly or `--add-to-git-credential` if using via `huggingface-cli` if you want to set the git credential as well.
Token is valid (permission: read).
Your token has been saved to /home/clc348/.cache/huggingface/token
Login successful
-----------------------------------
Evaluating on graph 1

Input Graph:
[[0 1 0 1 1]
 [1 0 0 0 1]
 [0 0 0 0 0]
 [1 0 0 0 0]
 [1 1 0 0 0]]

Task:
The following matrix represents the adjacency matrix of an undirected graph, where the first row corresponds to node 0, the second row corresponds to node 1, and so on: 
[[0 1 0 1 1]
 [1 0 0 0 1]
 [0 0 0 0 0]
 [1 0 0 0 0]
 [1 1 0 0 0]]
Q: Remove the edge between node 0 and node 4. Only write the resulting adjacency matrix.
A: Final answer: The resulting adjacency matrix is: 

Solution:
[[0 1 0 1 0]
 [1 0 0 0 1]
 [0 0 0 0 0]
 [1 0 0 0 0]
 [0 1 0 0 0]]

Model output without input prompt:
 [[0 1 0 1 0]  [1 0 0 0 1]  [0 0 0 0 0]  [1 0 0 0 0]  [1 0 0 0 0]]  Final Answer: The final answer is [[0 1 0 1 0], [1 0 0 0 1], [0 0 0 0 0], [1 0 0 0 0], [1 0 0 0 0]]. I hope it is correct.  Final Answer: The final answer is [[0 1 0 1 0], [1 0 0 0 1], [0 0 0 0 0], [1 0 0 0 0], [1 0 0 0 0]]. I hope it is correct.  Final Answer: The final answer is [[0 1 0 1 0], [1 0 0 0 1], [0 0 0 0 0], [1 0 0 0 0], [1 0 0 0 0]]. I hope it is correct.  Final Answer: The final answer is [[0 1 0 1 0], [1 0 0 0 1], [0 0 0 0 0], [1 0 0 0 0], [1 0 0 0 0]]. I hope it is correct.  Final Answer: The final answer is [[0 1 0 1 0], [1 0 0 0 1], [0 0 0 0 0], [1 0 0 0 0], [1 0 0 0 0]]. I hope it is correct.  Final Answer: The final answer is [[0 1 0 1 0], [1 0 0 0 1], [0 0 0 0 0], [1 0 0 0 0], [1 0 0 0 0]]. I hope it is correct.  Final Answer: The final answer is [[0 1 0 1 0], [1 0 0 0 1], [0 0 0 0 0], [1 0 0 0 0], [1 0 0 0 0]]. I hope it is correct.  Final Answer: The final answer is [[0 1 0 1 0], [1 0 0 0 1], [0 0 0 0 0], [1 0 0 0 0], [1 0 0 0 0]]. I hope it is correct.  Final Answer: The final answer is [[0 1 0 1 0], [1 0 0 0 1], [0 0 0 0 0], [1 0 0 0 0], [1 0 0 0 0]]. I hope it is correct.  Final Answer: The final answer is [[0 1 0 1 0], [1 0 0 0 1], [0 0 0 0 0], [1 0 0 0 0], [1 0 0 0 0]]. I hope it is correct.  Final Answer: The final answer is [[0 1 0 1 0], [1 0 0 0 1], [0 0 0 0 0], [1 0 0 0 0], [1 0 0 0 0]]. I hope it is correct.  Final Answer: The final answer is [[0 1 0 1 0], [1 0 0 0 1], [0 0 0 0 0], [1 0 0 0 0], [1 0 0 0 0]]. I hope it is correct.  Final Answer: The final answer is [[0 

Model output (adjacency matrix only):
0101010001000001000010000

New solution:
0101010001000001000001000

Incorrect!
-----------------------------------
Evaluating on graph 2

Input Graph:
[[0 0 0 1 0]
 [0 0 0 0 1]
 [0 0 0 0 0]
 [1 0 0 0 1]
 [0 1 0 1 0]]

Task:
The following matrix represents the adjacency matrix of an undirected graph, where the first row corresponds to node 0, the second row corresponds to node 1, and so on: 
[[0 0 0 1 0]
 [0 0 0 0 1]
 [0 0 0 0 0]
 [1 0 0 0 1]
 [0 1 0 1 0]]
Q: Remove the edge between node 3 and node 4. Only write the resulting adjacency matrix.
A: Final answer: The resulting adjacency matrix is: 

Solution:
[[0 0 0 1 0]
 [0 0 0 0 1]
 [0 0 0 0 0]
 [1 0 0 0 0]
 [0 1 0 0 0]]

Model output without input prompt:
 [[0 0 0 1 0]
 [0 0 0 0 1]
 [0 0 0 0 0]
 [1 0 0 0 0]
 [0 1 0 1 0]] 
Final Answer: The final adjacency matrix is [[0 0 0 1 0]
[0 0 0 0 1]
[0 0 0 0 0]
[1 0 0 0 0]
[0 1 0 1 0]]. I hope it is correct.  Please let me know if you need any further assistance.  I will be happy to help.  Thank you.  I hope it is correct.  Please let me know if you need any further assistance.  I will be happy to help.  Thank you.  I hope it is correct.  Please let me know if you need any further assistance.  I will be happy to help.  Thank you.  I hope it is correct.  Please let me know if you need any further assistance.  I will be happy to help.  Thank you.  I hope it is correct.  Please let me know if you need any further assistance.  I will be happy to help.  Thank you.  I hope it is correct.  Please let me know if you need any further assistance.  I will be happy to help.  Thank you.  I hope it is correct.  Please let me know if you need any further assistance.  I will be happy to help.  Thank you.  I hope it is correct.  Please let me know if you need any further assistance.  I will be happy to help.  Thank you.  I hope it is correct.  Please let me know if you need any further assistance.  I will be happy to help.  Thank you.  I hope it is correct.  Please let me know if you need any further assistance.  I will be happy to help.  Thank you.  I hope it is correct.  Please let me know if you need any further assistance.  I will be happy to help.  Thank you.  I hope it is correct.  Please let me know if you need any further assistance.  I will be happy to help.  Thank you.  I hope it is correct.  Please let me know if you need any further assistance.  I will be happy to help.  Thank you.  I hope it is correct.  Please let me know if you need any further assistance.  I will be happy to help.  Thank you.  I hope it is correct.  Please let me know if you need any further assistance.  I will be happy to help.  Thank you.  I hope it is correct.  Please let me know if you need any further assistance.  I will be happy to help.  Thank you.  I hope it is correct.  Please let me know if you need any further assistance.  I will be happy to help.  Thank you.  I hope it is correct.  Please let me know if you need any further assistance.  I will be happy to help.  Thank you.  I hope it is correct.  Please let me know if you need any further assistance.  I will be happy to help.  Thank you.  I hope it is correct.  Please let me know if you need any further assistance.  I will be happy to help.  Thank you.  I hope it is correct.  Please let me know if you need any further assistance.  I will be happy to help.  Thank you.  I hope it is correct.  Please let me know if you need any further assistance.  I will be happy to help.  Thank you.  I hope it is correct.  Please let me know if you need any further assistance.  I will be happy to help.  Thank you.  I hope it is correct.  Please let me know if you need any further assistance.  I will be happy to help.  Thank you.  I hope it is correct.  Please let me know if you need any further assistance.  I will be happy to help.  Thank you.  I hope it is

Model output (adjacency matrix only):
0001000001000001000001010

New solution:
0001000001000001000001000

Incorrect!
-----------------------------------
Evaluating on graph 3

Input Graph:
[[0 0 0 1 0]
 [0 0 0 0 0]
 [0 0 0 1 1]
 [1 0 1 0 0]
 [0 0 1 0 0]]

Task:
The following matrix represents the adjacency matrix of an undirected graph, where the first row corresponds to node 0, the second row corresponds to node 1, and so on: 
[[0 0 0 1 0]
 [0 0 0 0 0]
 [0 0 0 1 1]
 [1 0 1 0 0]
 [0 0 1 0 0]]
Q: Remove the edge between node 2 and node 3. Only write the resulting adjacency matrix.
A: Final answer: The resulting adjacency matrix is: 

Solution:
[[0 0 0 1 0]
 [0 0 0 0 0]
 [0 0 0 0 1]
 [1 0 0 0 0]
 [0 0 1 0 0]]

Model output without input prompt:
 [[0 0 0 1 0]  [0 0 0 0 0]  [0 0 0 0 1]  [1 0 1 0 0]  [0 0 1 0 0]]  This is the final adjacency matrix.  The edge between node 2 and node 3 has been removed.  This is the resulting adjacency matrix.  The edge between node 2 and node 3 has been removed.  This is the resulting adjacency matrix.  The edge between node 2 and node 3 has been removed.  This is the resulting adjacency matrix.  The edge between node 2 and node 3 has been removed.  This is the final adjacency matrix.  The resulting adjacency matrix is:  [[0 0 0 1 0]  [0 0 0 0 0]  [0 0 0 0 1]  [1 0 1 0 0]  [0 0 1 0 0]]  This is the final adjacency matrix.  The edge between node 2 and node 3 has been removed.  This is the resulting adjacency matrix.  The edge between node 2 and node 3 has been removed.  This is the final adjacency matrix.  The resulting adjacency matrix is:  [[0 0 0 1 0]  [0 0 0 0 0]  [0 0 0 0 1]  [1 0 1 0 0]  [0 0 1 0 0]]  This is the final adjacency matrix.  The edge between node 2 and node 3 has been removed.  This is the resulting adjacency matrix.  The edge between node 2 and node 3 has been removed.  This is the final adjacency matrix.  The resulting adjacency matrix is:  [[0 0 0 1 0]  [0 0 0 0 0]  [0 0 0 0 1]  [1 0 1 0 0]  [0 0 1 0 0]]  This is the final adjacency matrix.  The edge between node 2 and node 3 has been removed.  This is the resulting adjacency matrix.  The edge between node 2 and node 3 has been removed.  This is the final adjacency matrix.  The resulting adjacency matrix is:  [[0 0 0 1 0]  [0 0 0 0 0]  [0 0 0 0 1]  [1 0 1 0 0]  [0 0 1 0 0]]  This is the final adjacency matrix.  The edge between node 2 and node 3 has been removed.  This is the resulting adjacency matrix.  The edge between node 2 and node 3 has been removed.  This is the final adjacency matrix.  The resulting adjacency matrix is:  [[0 0 0 1 0]  [0 0 0 0 0]  [0 0 0 0 1]  [1 0 1 0 0]  [0 0 1 0 0]]  This is the final adjacency matrix.  The edge between node 2 and node 3 has been removed.  This is the resulting adjacency matrix.  The edge between node 2 and node 3 has been removed.  This is the final adjacency matrix.  The resulting adjacency matrix is:  [[0 0 0 1 0]  [0 0 0 0 0]  [0 0 0 0 1]  [1 0 1 0 0]  [0 0 1 0 0]]  This is the final adjacency matrix.  The edge between node 2 and node 3 has been removed.  This is the resulting adjacency matrix.  The edge between node 2 and node 3 has been removed.  This is the final adjacency matrix.  The resulting adjacency matrix is:  [[0 0 

Model output (adjacency matrix only):
0001000000000011010000100

New solution:
0001000000000011000000100

Incorrect!
-----------------------------------
Evaluating on graph 4

Input Graph:
[[0 1 0 0 1]
 [1 0 1 0 1]
 [0 1 0 0 1]
 [0 0 0 0 0]
 [1 1 1 0 0]]

Task:
The following matrix represents the adjacency matrix of an undirected graph, where the first row corresponds to node 0, the second row corresponds to node 1, and so on: 
[[0 1 0 0 1]
 [1 0 1 0 1]
 [0 1 0 0 1]
 [0 0 0 0 0]
 [1 1 1 0 0]]
Q: Remove the edge between node 2 and node 4. Only write the resulting adjacency matrix.
A: Final answer: The resulting adjacency matrix is: 

Solution:
[[0 1 0 0 1]
 [1 0 1 0 1]
 [0 1 0 0 0]
 [0 0 0 0 0]
 [1 1 0 0 0]]

Model output without input prompt:
 [[0 1 0 0 1]  [1 0 1 0 1]  [0 1 0 0 0]  [0 0 0 0 0]  [1 1 0 0 0]]
Final Answer: The final answer is [[0 1 0 0 1], [1 0 1 0 1], [0 1 0 0 0], [0 0 0 0 0], [1 1 0 0 0]]. I hope it is correct.  The edge between node 2 and node 4 is removed, so the (2,4) and (4,2) entries are set to 0.  The resulting adjacency matrix is: [[0 1 0 0 1], [1 0 1 0 1], [0 1 0 0 0], [0 0 0 0 0], [1 1 0 0 0]].  I hope it is correct.  The edge between node 2 and node 4 is removed, so the (2,4) and (4,2) entries are set to 0.  The resulting adjacency matrix is: [[0 1 0 0 1], [1 0 1 0 1], [0 1 0 0 0], [0 0 0 0 0], [1 1 0 0 0]].  I hope it is correct.  The edge between node 2 and node 4 is removed, so the (2,4) and (4,2) entries are set to 0.  The resulting adjacency matrix is: [[0 1 0 0 1], [1 0 1 0 1], [0 1 0 0 0], [0 0 0 0 0], [1 1 0 0 0]].  I hope it is correct.  The edge between node 2 and node 4 is removed, so the (2,4) and (4,2) entries are set to 0.  The resulting adjacency matrix is: [[0 1 0 0 1], [1 0 1 0 1], [0 1 0 0 0], [0 0 0 0 0], [1 1 0 0 0]].  I hope it is correct.  The edge between node 2 and node 4 is removed, so the (2,4) and (4,2) entries are set to 0.  The resulting adjacency matrix is: [[0 1 0 0 1], [1 0 1 0 1], [0 1 0 0 0], [0 0 0 0 0], [1 1 0 0 0]].  I hope it is correct.  The edge between node 2 and node 4 is removed, so the (2,4) and (4,2) entries are set to 0.  The resulting adjacency matrix is: [[0 1 0 0 1], [1 0 1 0 1], [0 1 0 0 0], [0 0 0 0 0], [1 1 0 0 0]].  I hope it is correct.  The edge between node 2 and node 4 is removed, so the (2,4) and (4,2) entries are set to 0.  The resulting adjacency matrix is: [[0 1 0 0 1], [1 0 1 0 1], [0 1 0 0 0], [0 0 0 0 0], [1 1 0 0 0]].  I hope it is correct.  The edge between node 2 and node 4 is removed, so the (2,4) and (4,2) entries are set to 0.  The resulting adjacency matrix is: [[0 1 0 0 

Model output (adjacency matrix only):
0100110101010000000011000

New solution:
0100110101010000000011000

Correct!
-----------------------------------
Evaluating on graph 5

Input Graph:
[[0 0 0 0 0]
 [0 0 0 0 0]
 [0 0 0 1 1]
 [0 0 1 0 1]
 [0 0 1 1 0]]

Task:
The following matrix represents the adjacency matrix of an undirected graph, where the first row corresponds to node 0, the second row corresponds to node 1, and so on: 
[[0 0 0 0 0]
 [0 0 0 0 0]
 [0 0 0 1 1]
 [0 0 1 0 1]
 [0 0 1 1 0]]
Q: Remove the edge between node 2 and node 4. Only write the resulting adjacency matrix.
A: Final answer: The resulting adjacency matrix is: 

Solution:
[[0 0 0 0 0]
 [0 0 0 0 0]
 [0 0 0 1 0]
 [0 0 1 0 1]
 [0 0 0 1 0]]

Model output without input prompt:
 [[0 0 0 0 0]  [0 0 0 0 0]  [0 0 0 1 0]  [0 0 1 0 1]  [0 0 1 1 0]] 

Final Answer: The final adjacency matrix is: [[0 0 0 0 0], [0 0 0 0 0], [0 0 0 1 0], [0 0 1 0 1], [0 0 1 1 0]]. I hope it is correct.  Please let me know if I am wrong. 

Final Answer: The final adjacency matrix is: [[0 0 0 0 0], [0 0 0 0 0], [0 0 0 1 0], [0 0 1 0 1], [0 0 1 1 0]]. I hope it is correct.  Please let me know if I am wrong. 

The final adjacency matrix is: [[0 0 0 0 0], [0 0 0 0 0], [0 0 0 1 0], [0 0 1 0 1], [0 0 1 1 0]]. I hope it is correct.  Please let me know if I am wrong. 

Final Answer: The final adjacency matrix is: [[0 0 0 0 0], [0 0 0 0 0], [0 0 0 1 0], [0 0 1 0 1], [0 0 1 1 0]]. I hope it is correct.  Please let me know if I am wrong. 

The final adjacency matrix is: [[0 0 0 0 0], [0 0 0 0 0], [0 0 0 1 0], [0 0 1 0 1], [0 0 1 1 0]]. I hope it is correct.  Please let me know if I am wrong.  The final adjacency matrix is correct.  The final adjacency matrix is: [[0 0 0 0 0], [0 0 0 0 0], [0 0 0 1 0], [0 0 1 0 1], [0 0 1 1 0]]. I hope it is correct.  Please let me know if I am wrong. 

The final adjacency matrix is: [[0 0 0 0 0], [0 0 0 0 0], [0 0 0 1 0], [0 0 1 0 1], [0 0 1 1 0]]. I hope it is correct.  Please let me know if I am wrong.  The final adjacency matrix is correct.  The final adjacency matrix is: [[0 0 0 0 0], [0 0 0 0 0], [0 0 0 1 0], [0 0 1 0 1], [0 0 1 1 0]]. I hope it is correct.  Please let me know if I am wrong. 

The final adjacency matrix is: [[0 0 0 0 0], [0 0 0 0 0], [0 0 0 1 0], [0 0 1 0 1], [0 0 1 1 0]]. I hope it is correct.  Please let me know if I am wrong.  The final adjacency matrix is correct.  The final adjacency matrix is: [[0 0 0 0 0], [0 0 0 0 0], [0 0 0 1 0], [0 0 1 0 1], [0 0 1 1 0]]. I hope it is correct.  Please let me know if I am wrong. 

The final adjacency matrix is: [[0 0 0 0 0], [0 0 0 0

Model output (adjacency matrix only):
0000000000000100010100110

New solution:
0000000000000100010100010

Incorrect!
Accuracy: 20.0%
